2026-02-12 07:56:33,285 - INFO - 加载历史数据: 2898 条
2026-02-12 07:56:33,290 - INFO - 加载历史数据: 2898 条
2026-02-12 07:56:33,290 - INFO - 启动自动模式，间隔 7200 秒
2026-02-12 07:56:33,290 - INFO - ==================================================
2026-02-12 07:56:33,290 - INFO - 开始自动更新
2026-02-12 07:56:33,294 - INFO - 加载历史数据: 2898 条
2026-02-12 07:56:33,294 - INFO - 正在分析数据...
2026-02-12 07:56:33,295 - INFO - 提取了 74 个特征
2026-02-12 07:56:33,295 - INFO - 正在分析数据...
2026-02-12 07:56:33,296 - INFO - 提取了 74 个特征
2026-02-12 07:56:33,297 - INFO - 生成 100 组预测 (尝试144次)
2026-02-12 07:56:33,297 - INFO - 预测已保存: /home/lang/.openclaw/workspace/caipiao/v6_output/predictions_20260212_075633.csv
2026-02-12 07:56:33,298 - INFO - 报告已保存: /home/lang/.openclaw/workspace/caipiao/v6_logs/report_20260212_075633.txt
2026-02-12 07:57:52,414 - INFO - 随机森林训练完成: 100 棵树
2026-02-12 07:57:52,428 - INFO - 正在分析数据...
2026-02-12 07:57:52,429 - INFO - 提取了 74 个特征
2026-02-12 07:57:52,435 - INFO - 生成 10 组预测 (尝试20次)
2026-02-12 07:57:52,435 - INFO - 正在分析数据...
2026-02-12 07:57:52,436 - INFO - 提取了 74 个特征
2026-02-12 07:57:52,436 - INFO - 生成 10 组预测 (尝试17次)
2026-02-12 07:57:52,437 - INFO - 正在分析数据...
2026-02-12 07:57:52,437 - INFO - 提取了 74 个特征
2026-02-12 07:57:52,438 - INFO - 生成 10 组预测 (尝试14次)
2026-02-12 07:57:52,438 - INFO - 正在分析数据...
2026-02-12 07:57:52,438 - INFO - 提取了 74 个特征
2026-02-12 07:57:52,439 - INFO - 生成 10 组预测 (尝试17次)
2026-02-12 07:57:52,439 - INFO - 正在分析数据...
2026-02-12 07:57:52,439 - INFO - 提取了 74 个特征
2026-02-12 07:57:52,440 - INFO - 生成 10 组预测 (尝试20次)
2026-02-12 07:57:52,440 - INFO - 正在分析数据...
2026-02-12 07:57:52,441 - INFO - 提取了 74 个特征
2026-02-12 07:57:52,441 - INFO - 生成 10 组预测 (尝试14次)
2026-02-12 07:57:52,441 - INFO - 正在分析数据...
2026-02-12 07:57:52,442 - INFO - 提取了 74 个特征
2026-02-12 07:57:52,442 - INFO - 生成 10 组预测 (尝试19次)
2026-02-12 07:57:52,442 - INFO - 正在分析数据...
2026-02-12 07:57:52,443 - INFO - 提取了 74 个特征
2026-02-12 07:57:52,443 - INFO - 生成 10 组预测 (尝试13次)
2026-02-12 07:57:52,443 - INFO - 正在分析数据...
2026-02-12 07:57:52,444 - INFO - 提取了 74 个特征
2026-02-12 07:57:52,444 - INFO - 生成 10 组预测 (尝试23次)
2026-02-12 07:57:52,444 - INFO - 正在分析数据...
2026-02-12 07:57:52,445 - INFO - 提取了 74 个特征
2026-02-12 07:57:52,445 - INFO - 生成 10 组预测 (尝试17次)
2026-02-12 07:57:52,445 - INFO - 验证结果: {'valid': True, 'test_count': 10, 'avg_hit_rate': 0.11428571428571428, 'detailed_results': [{'timestamp': '2026-02-12T07:57:52.441412', 'predicted': [3, 6, 10, 15, 16, 19, 26], 'actual': [7, 14, 17, 21, 23, 24, 25], 'hit_count': 0, 'hit_rate': 0.0, 'valid': True}, {'timestamp': '2026-02-12T07:57:52.442516', 'predicted': [7, 10, 12, 18, 20, 24, 27], 'actual': [9, 11, 18, 19, 22, 25, 26], 'hit_count': 1, 'hit_rate': 0.14285714285714285, 'valid': True}, {'timestamp': '2026-02-12T07:57:52.443576', 'predicted': [2, 6, 11, 16, 17, 20, 29], 'actual': [5, 6, 14, 21, 22, 25, 29], 'hit_count': 2, 'hit_rate': 0.2857142857142857, 'valid': True}, {'timestamp': '2026-02-12T07:57:52.444679', 'predicted': [2, 8, 9, 13, 18, 22, 24], 'actual': [4, 6, 14, 19, 20, 25, 27], 'hit_count': 0, 'hit_rate': 0.0, 'valid': True}, {'timestamp': '2026-02-12T07:57:52.445739', 'predicted': [1, 6, 7, 10, 13, 16, 26], 'actual': [1, 3, 12, 14, 24, 29, 30], 'hit_count': 1, 'hit_rate': 0.14285714285714285, 'valid': True}]}
2026-02-12 07:57:52,445 - INFO - 自动更新完成
