
2026-02-13 23:25:59 - 第1轮

─────────────────────────────────────
⏰ 第1轮 - 样式想法
─────────────────────────────────────

💡 创意：把"78%"改成"78%概率命中3个"更直观

📝 当前模板：
# 七乐彩预测帮助

**七乐彩智能预测系统 - 帮您分析号码规律**

---

## 🎯 怎么用？

```
1. 选择一个方法
2. 查看预测号码
3. 参考选号
```

---

## 📊 方法排行榜

| 排名 | 方法 | 能力 | 适合 |
|:---:|:---|:---|:---|
| 🥇 | **重号法** | 78%命中3个 | 每期有2-3个号会重复 |
| 🥈 | **

─────────────────────────────────────

新模板:
【七乐彩预测】

🥇重号法 78%
🥈三区比 68%
🥉连号法 40%
其他 15-30%
🎲智能版 综合

→1+2组合

--------------------------------------------------

2026-02-13 23:30:12 - 第1轮

─────────────────────────────────────
⏰ 第1轮 - 样式想法
─────────────────────────────────────

💡 创意：用F型阅读模式，把最重要的放左上角

📝 当前模板：
【七乐彩预测】

🥇重号法 78%
🥈三区比 68%
🥉连号法 40%
其他 15-30%
🎲智能版 综合

→1+2组合


新模板:
七乐彩预测

🥇重号法 78%
🥈三区比 68%
🥉连号法 40%
其他 15-30%
🎲智能版 综合

→1+2组合

============================================================

2026-02-13 23:37:17 - 第1轮

─────────────────────────────────────
⏰ 第1轮 - 样式想法
─────────────────────────────────────

💡 创意：用F型阅读模式，把最重要的放左上角

📝 当前模板：
七乐彩预测

🥇重号法 78%
🥈三区比 68%
🥉连号法 40%
其他 15-30%
🎲智能版 综合

→1+2组合


新模板:
七乐彩预测

🥇重号法 78%
🥈三区比 68%
🥉连号法 40%
其他 15-30%
🎲智能版 综合

→1+2组合

============================================================

2026-02-13 23:38:07.340506 - 第1轮

─────────────────────────────────────
⏰ 第1轮 - 样式想法
─────────────────────────────────────

💡 创意：把"78%"改成"78%命中3个"更直观

模板:
七乐彩预测

重号法 78%
三区比 68%
连号法 40%
其他 15-30%
智能版 综合

→1+2组合

============================================================

2026-02-13 23:38:13.768481 - 第2轮

─────────────────────────────────────
⏰ 第2轮 - 专业建议（基于调研）
─────────────────────────────────────

📊 调研发现：F型阅读
💡 原因：用户从左到右、从上到下阅读，左侧更重要
🔧 建议：把排名和名称放左边，数字放右边

模板:
七乐彩预测

重号法 | 78%
三区比 | 68%
连号法 | 40%
其他   | 15-30%
智能版 | 综合

→1+2组合

============================================================
