[2026-02-12 15:19:22] 启动自动预测任务
[2026-02-12 15:19:22] 已启动 (PID: 59086)
2026-02-12 15:19:22,802 - INFO - 加载数据: 2898 条
2026-02-12 15:19:22,802 - INFO - 启动自动模式...
2026-02-12 15:19:22,802 - INFO - 分析数据...
2026-02-12 15:19:22,802 - INFO - 周期性分析完成
2026-02-12 15:19:22,803 - INFO - 生成 100 组预测 (尝试128次)
2026-02-12 15:19:22,804 - INFO - 保存预测: /home/lang/.openclaw/workspace/caipiao/v5_platform/output/predictions_20260212_151922.csv
2026-02-12 15:19:22,804 - INFO - 保存报告: /home/lang/.openclaw/workspace/caipiao/v5_platform/output/report_20260212_151922.txt
2026-02-12 16:19:22,805 - INFO - 分析数据...
2026-02-12 16:19:22,808 - INFO - 周期性分析完成
2026-02-12 16:19:22,813 - INFO - 生成 100 组预测 (尝试124次)
2026-02-12 16:19:22,815 - INFO - 保存预测: /home/lang/.openclaw/workspace/caipiao/v5_platform/output/predictions_20260212_161922.csv
2026-02-12 16:19:22,816 - INFO - 保存报告: /home/lang/.openclaw/workspace/caipiao/v5_platform/output/report_20260212_161922.txt
2026-02-12 17:19:22,817 - INFO - 分析数据...
2026-02-12 17:19:22,820 - INFO - 周期性分析完成
2026-02-12 17:19:22,824 - INFO - 生成 100 组预测 (尝试115次)
2026-02-12 17:19:22,826 - INFO - 保存预测: /home/lang/.openclaw/workspace/caipiao/v5_platform/output/predictions_20260212_171922.csv
2026-02-12 17:19:22,827 - INFO - 保存报告: /home/lang/.openclaw/workspace/caipiao/v5_platform/output/report_20260212_171922.txt
2026-02-12 18:19:22,828 - INFO - 分析数据...
2026-02-12 18:19:22,831 - INFO - 周期性分析完成
2026-02-12 18:19:22,835 - INFO - 生成 100 组预测 (尝试120次)
2026-02-12 18:19:22,837 - INFO - 保存预测: /home/lang/.openclaw/workspace/caipiao/v5_platform/output/predictions_20260212_181922.csv
2026-02-12 18:19:22,838 - INFO - 保存报告: /home/lang/.openclaw/workspace/caipiao/v5_platform/output/report_20260212_181922.txt
2026-02-12 19:19:22,839 - INFO - 分析数据...
2026-02-12 19:19:22,841 - INFO - 周期性分析完成
2026-02-12 19:19:22,844 - INFO - 生成 100 组预测 (尝试129次)
2026-02-12 19:19:22,845 - INFO - 保存预测: /home/lang/.openclaw/workspace/caipiao/v5_platform/output/predictions_20260212_191922.csv
2026-02-12 19:19:22,846 - INFO - 保存报告: /home/lang/.openclaw/workspace/caipiao/v5_platform/output/report_20260212_191922.txt
2026-02-12 20:19:22,847 - INFO - 分析数据...
2026-02-12 20:19:22,849 - INFO - 周期性分析完成
2026-02-12 20:19:22,854 - INFO - 生成 100 组预测 (尝试130次)
2026-02-12 20:19:22,856 - INFO - 保存预测: /home/lang/.openclaw/workspace/caipiao/v5_platform/output/predictions_20260212_201922.csv
2026-02-12 20:19:22,857 - INFO - 保存报告: /home/lang/.openclaw/workspace/caipiao/v5_platform/output/report_20260212_201922.txt
2026-02-12 21:19:22,859 - INFO - 分析数据...
2026-02-12 21:19:22,861 - INFO - 周期性分析完成
2026-02-12 21:19:22,865 - INFO - 生成 100 组预测 (尝试126次)
2026-02-12 21:19:22,867 - INFO - 保存预测: /home/lang/.openclaw/workspace/caipiao/v5_platform/output/predictions_20260212_211922.csv
2026-02-12 21:19:22,869 - INFO - 保存报告: /home/lang/.openclaw/workspace/caipiao/v5_platform/output/report_20260212_211922.txt
2026-02-12 22:19:22,871 - INFO - 分析数据...
2026-02-12 22:19:22,878 - INFO - 周期性分析完成
2026-02-12 22:19:22,884 - INFO - 生成 100 组预测 (尝试129次)
2026-02-12 22:19:22,886 - INFO - 保存预测: /home/lang/.openclaw/workspace/caipiao/v5_platform/output/predictions_20260212_221922.csv
2026-02-12 22:19:22,888 - INFO - 保存报告: /home/lang/.openclaw/workspace/caipiao/v5_platform/output/report_20260212_221922.txt
2026-02-12 23:19:22,889 - INFO - 分析数据...
2026-02-12 23:19:22,891 - INFO - 周期性分析完成
2026-02-12 23:19:22,894 - INFO - 生成 100 组预测 (尝试118次)
2026-02-12 23:19:22,896 - INFO - 保存预测: /home/lang/.openclaw/workspace/caipiao/v5_platform/output/predictions_20260212_231922.csv
2026-02-12 23:19:22,896 - INFO - 保存报告: /home/lang/.openclaw/workspace/caipiao/v5_platform/output/report_20260212_231922.txt
2026-02-13 00:19:22,898 - INFO - 分析数据...
2026-02-13 00:19:22,901 - INFO - 周期性分析完成
2026-02-13 00:19:22,906 - INFO - 生成 100 组预测 (尝试131次)
2026-02-13 00:19:22,907 - INFO - 保存预测: /home/lang/.openclaw/workspace/caipiao/v5_platform/output/predictions_20260213_001922.csv
2026-02-13 00:19:22,909 - INFO - 保存报告: /home/lang/.openclaw/workspace/caipiao/v5_platform/output/report_20260213_001922.txt
2026-02-13 01:19:22,910 - INFO - 分析数据...
2026-02-13 01:19:22,912 - INFO - 周期性分析完成
2026-02-13 01:19:22,915 - INFO - 生成 100 组预测 (尝试125次)
2026-02-13 01:19:22,916 - INFO - 保存预测: /home/lang/.openclaw/workspace/caipiao/v5_platform/output/predictions_20260213_011922.csv
2026-02-13 01:19:22,917 - INFO - 保存报告: /home/lang/.openclaw/workspace/caipiao/v5_platform/output/report_20260213_011922.txt
2026-02-13 02:19:22,919 - INFO - 分析数据...
2026-02-13 02:19:22,921 - INFO - 周期性分析完成
2026-02-13 02:19:22,922 - INFO - 生成 100 组预测 (尝试128次)
2026-02-13 02:19:22,923 - INFO - 保存预测: /home/lang/.openclaw/workspace/caipiao/v5_platform/output/predictions_20260213_021922.csv
2026-02-13 02:19:22,923 - INFO - 保存报告: /home/lang/.openclaw/workspace/caipiao/v5_platform/output/report_20260213_021922.txt
