2026-02-11 03:00:01 - ========================================
========================================
2026-02-11 03:00:01 - [0;32m🚀 开始自动备份...[0m
[0;32m🚀 开始自动备份...[0m
2026-02-11 03:00:02 - [0;31m❌ Token无效或已过期 (HTTP 401)[0m
2026-02-11 03:00:02 - [1;33m📝 请更新Token，参考文件: /home/lang/.openclaw/workspace/config/github-token.md[0m
2026-02-12 03:00:01 - ========================================
========================================
2026-02-12 03:00:01 - [0;32m🚀 开始自动备份...[0m
[0;32m🚀 开始自动备份...[0m
2026-02-12 03:00:02 - [0;31m❌ Token无效或已过期 (HTTP 401)[0m
2026-02-12 03:00:02 - [1;33m📝 请更新Token，参考文件: /home/lang/.openclaw/workspace/config/github-token.md[0m
2026-02-13 03:00:01 - ========================================
========================================
2026-02-13 03:00:01 - [0;32m🚀 开始自动备份...[0m
[0;32m🚀 开始自动备份...[0m
2026-02-13 03:00:02 - [0;31m❌ Token无效或已过期 (HTTP 401)[0m
2026-02-13 03:00:02 - [1;33m📝 请更新Token，参考文件: /home/lang/.openclaw/workspace/config/github-token.md[0m
2026-02-14 03:00:01 - ========================================
========================================
2026-02-14 03:00:01 - [0;32m🚀 开始自动备份...[0m
[0;32m🚀 开始自动备份...[0m
2026-02-14 03:00:02 - [0;31m❌ Token无效或已过期 (HTTP 401)[0m
2026-02-14 03:00:02 - [1;33m📝 请更新Token，参考文件: /home/lang/.openclaw/workspace/config/github-token.md[0m
2026-02-15 03:00:01 - ========================================
========================================
2026-02-15 03:00:01 - [0;32m🚀 开始自动备份...[0m
[0;32m🚀 开始自动备份...[0m
2026-02-15 03:00:01 - [0;31m❌ Token无效或已过期 (HTTP 401)[0m
2026-02-15 03:00:01 - [1;33m📝 请更新Token，参考文件: /home/lang/.openclaw/workspace/config/github-token.md[0m
2026-02-16 03:00:01 - ========================================
========================================
2026-02-16 03:00:01 - [0;32m🚀 开始自动备份...[0m
[0;32m🚀 开始自动备份...[0m
2026-02-16 03:00:02 - [0;31m❌ Token无效或已过期 (HTTP 401)[0m
2026-02-16 03:00:02 - [1;33m📝 请更新Token，参考文件: /home/lang/.openclaw/workspace/config/github-token.md[0m
2026-02-16 23:31:14 - ========================================
2026-02-16 23:31:14 - [0;32m🚀 开始自动备份...[0m
2026-02-16 23:31:15 - [0;31m❌ Token无效或已过期 (HTTP 401)[0m
2026-02-16 23:31:15 - [1;33m📝 请更新Token，参考文件: /home/lang/.openclaw/workspace/config/github-token.md[0m
2026-02-16 23:35:02 - ========================================
2026-02-16 23:35:02 - [0;32m🚀 开始自动备份...[0m
2026-02-16 23:35:03 - [0;31m❌ Token无效或已过期 (HTTP 401)[0m
2026-02-16 23:35:03 - [1;33m📝 请更新Token，参考文件: /home/lang/.openclaw/workspace/config/github-token.md[0m
2026-02-16 23:35:05 - ========================================
2026-02-16 23:35:05 - [0;32m🚀 开始自动备份...[0m
2026-02-16 23:35:06 - [0;31m❌ Token无效或已过期 (HTTP 401)[0m
2026-02-16 23:35:06 - [1;33m📝 请更新Token，参考文件: /home/lang/.openclaw/workspace/config/github-token.md[0m
2026-02-16 23:35:21 - ========================================
2026-02-16 23:35:21 - [0;32m🚀 开始自动备份...[0m
2026-02-16 23:35:22 - [0;31m❌ Token无效或已过期 (HTTP 401)[0m
2026-02-16 23:35:22 - [1;33m📝 请更新Token，参考文件: /home/lang/.openclaw/workspace/config/github-token.md[0m
2026-02-16 23:36:01 - ========================================
2026-02-16 23:36:01 - [0;32m🚀 开始自动备份...[0m
2026-02-16 23:36:02 - [0;32m✅ Token验证成功[0m
2026-02-16 23:36:02 - [0;32m✅ 提交成功: Auto backup 2026-02-16 23:36:02[0m
2026-02-16 23:36:02 - [0;32m☁️ 推送到GitHub...[0m
2026-02-16 23:36:04 - [0;32m✅ 推送成功！[0m
2026-02-16 23:36:04 - 📂 仓库: https://github.com/hklang/Openclaw
2026-02-16 23:36:04 - [0;32m🎉 备份完成！[0m
2026-02-17 03:00:01 - ========================================
========================================
2026-02-17 03:00:01 - [0;32m🚀 开始自动备份...[0m
[0;32m🚀 开始自动备份...[0m
2026-02-17 03:00:02 - [0;32m✅ Token验证成功[0m
[0;32m✅ Token验证成功[0m
[master 0cffbab] Auto backup 2026-02-17 03:00:02
 5 files changed, 105 insertions(+), 6 deletions(-)
2026-02-17 03:00:02 - [0;32m✅ 提交成功: Auto backup 2026-02-17 03:00:02[0m
[0;32m✅ 提交成功: Auto backup 2026-02-17 03:00:02[0m
2026-02-17 03:00:02 - [0;32m☁️ 推送到GitHub...[0m
[0;32m☁️ 推送到GitHub...[0m
To https://github.com/hklang/Openclaw.git
   9521971..0cffbab  master -> master
2026-02-17 03:00:04 - [0;32m✅ 推送成功！[0m
[0;32m✅ 推送成功！[0m
2026-02-17 03:00:04 - 📂 仓库: https://github.com/hklang/Openclaw
📂 仓库: https://github.com/hklang/Openclaw
2026-02-17 03:00:04 - [0;32m🎉 备份完成！[0m
[0;32m🎉 备份完成！[0m
2026-02-17 03:00:07 - ========================================
2026-02-17 03:00:07 - [0;32m🚀 开始自动备份...[0m
2026-02-17 03:00:08 - [0;32m✅ Token验证成功[0m
2026-02-17 03:00:08 - [0;32m✅ 提交成功: Auto backup 2026-02-17 03:00:08[0m
2026-02-17 03:00:08 - [0;32m☁️ 推送到GitHub...[0m
2026-02-17 03:00:10 - [0;32m✅ 推送成功！[0m
2026-02-17 03:00:10 - 📂 仓库: https://github.com/hklang/Openclaw
2026-02-17 03:00:10 - [0;32m🎉 备份完成！[0m
2026-02-18 03:00:01 - ========================================
========================================
2026-02-18 03:00:01 - [0;32m🚀 开始自动备份...[0m
[0;32m🚀 开始自动备份...[0m
2026-02-18 03:00:02 - [0;32m✅ Token验证成功[0m
[0;32m✅ Token验证成功[0m
[master b3a561b] Auto backup 2026-02-18 03:00:02
 20 files changed, 6607 insertions(+), 127 deletions(-)
 create mode 100644 10
 create mode 100644 caipiao/qlc_combo.py
 create mode 100755 caipiao/qlc_combo.sh
 create mode 100644 caipiao/v5_platform/10
 create mode 100644 caipiao/v5_platform/predictions/predictions_20260217_0616.json
 create mode 100644 caipiao/v5_platform/predictions/predictions_20260217_0621.json
 create mode 100644 caipiao/v5_platform/predictions/predictions_20260217_0626.json
 create mode 100644 caipiao/v5_platform/predictions/predictions_20260217_0627.json
 create mode 100644 "caipiao/\351\242\204\346\265\213\345\212\237\350\203\275\346\270\205\345\215\225.md"
 create mode 100644 "caipiao/\351\242\204\346\265\213\345\212\251\346\211\213\347\224\250\346\210\267\346\211\213\345\206\214.md"
 create mode 100644 "caipiao/\351\242\204\346\265\213\346\226\271\346\263\225\346\250\241\346\235\277.md"
 create mode 100644 memory/2026-02-17.md
 create mode 120000 qlc_combo.sh
 create mode 100644 v2rayA.log
2026-02-18 03:00:02 - [0;32m✅ 提交成功: Auto backup 2026-02-18 03:00:02[0m
[0;32m✅ 提交成功: Auto backup 2026-02-18 03:00:02[0m
2026-02-18 03:00:02 - [0;32m☁️ 推送到GitHub...[0m
[0;32m☁️ 推送到GitHub...[0m
To https://github.com/hklang/Openclaw.git
   9ff9f89..b3a561b  master -> master
2026-02-18 03:00:04 - [0;32m✅ 推送成功！[0m
[0;32m✅ 推送成功！[0m
2026-02-18 03:00:04 - 📂 仓库: https://github.com/hklang/Openclaw
📂 仓库: https://github.com/hklang/Openclaw
2026-02-18 03:00:04 - [0;32m🎉 备份完成！[0m
[0;32m🎉 备份完成！[0m
2026-02-19 03:00:01 - ========================================
========================================
2026-02-19 03:00:01 - [0;32m🚀 开始自动备份...[0m
[0;32m🚀 开始自动备份...[0m
2026-02-19 03:00:02 - [0;32m✅ Token验证成功[0m
[0;32m✅ Token验证成功[0m
