2026-02-12 16:22:36,973 - INFO - 加载数据: 2898 条
2026-02-12 16:22:36,974 - INFO - 遗漏值法: 10组
2026-02-12 16:22:36,974 - INFO - 热号法: 10组
2026-02-12 16:22:36,977 - INFO - 大小号法: 0组
2026-02-12 16:22:36,981 - INFO - 奇偶法: 0组
2026-02-12 16:22:36,981 - INFO - 和值法: 10组
2026-02-12 16:22:36,981 - INFO - 三区比: 10组
2026-02-12 16:22:36,982 - INFO - 012路法: 10组
2026-02-12 16:22:36,982 - INFO - 连号法: 10组
2026-02-12 16:22:36,982 - INFO - 同尾法: 10组
2026-02-12 16:22:36,982 - INFO - 重号法: 10组
2026-02-12 16:22:36,982 - INFO - AC值法: 10组
2026-02-12 16:22:36,983 - INFO - 极距法: 10组
2026-02-12 16:22:36,983 - INFO - 周期回补法: 10组
2026-02-12 16:22:49,416 - INFO - 加载数据: 2898 条
2026-02-12 16:22:49,416 - INFO - 遗漏值法: 10组
2026-02-12 16:22:49,417 - INFO - 热号法: 10组
2026-02-12 16:22:49,420 - INFO - 大小号法: 0组
2026-02-12 16:22:49,423 - INFO - 奇偶法: 0组
2026-02-12 16:22:49,424 - INFO - 和值法: 10组
2026-02-12 16:22:49,424 - INFO - 三区比: 10组
2026-02-12 16:22:49,424 - INFO - 012路法: 10组
2026-02-12 16:22:49,425 - INFO - 连号法: 10组
2026-02-12 16:22:49,425 - INFO - 同尾法: 10组
2026-02-12 16:22:49,425 - INFO - 重号法: 10组
2026-02-12 16:22:49,425 - INFO - AC值法: 10组
2026-02-12 16:22:49,426 - INFO - 极距法: 10组
2026-02-12 16:22:49,426 - INFO - 周期回补法: 10组
2026-02-12 16:22:49,427 - INFO - 预测已保存
2026-02-12 16:30:28,352 - INFO - 加载数据: 2898 条
2026-02-12 16:30:28,352 - INFO - 遗漏值法: 10组
2026-02-12 16:30:28,353 - INFO - 热号法: 10组
2026-02-12 16:30:28,356 - INFO - 大小号法: 0组
2026-02-12 16:30:28,360 - INFO - 奇偶法: 0组
2026-02-12 16:30:28,361 - INFO - 和值法: 10组
2026-02-12 16:30:28,361 - INFO - 三区比: 10组
2026-02-12 16:30:28,362 - INFO - 012路法: 10组
2026-02-12 16:30:28,362 - INFO - 连号法: 10组
2026-02-12 16:30:28,362 - INFO - 同尾法: 10组
2026-02-12 16:30:28,362 - INFO - 重号法: 10组
2026-02-12 16:30:28,362 - INFO - AC值法: 10组
2026-02-12 16:30:28,363 - INFO - 极距法: 10组
2026-02-12 16:30:28,363 - INFO - 周期回补法: 10组
2026-02-12 16:30:28,364 - INFO - 预测已保存
2026-02-12 16:30:32,427 - INFO - 加载数据: 2898 条
2026-02-12 16:30:32,432 - INFO - 已更新MEMORY.md
2026-02-12 16:30:32,432 - INFO - 验证结果已保存
2026-02-12 16:47:28,190 - INFO - MEMORY.md已更新
2026-02-12 16:47:40,665 - INFO - MEMORY.md已更新
2026-02-12 16:48:22,484 - INFO - MEMORY.md已更新
