[2026-02-09 20:53:27] ==================================================
[2026-02-09 20:53:27] 七乐彩数据更新任务开始
[2026-02-09 20:53:27] 加载历史数据: /home/lang/.openclaw/workspace/caipiao/qlc_history_full.json
[2026-02-09 20:53:27] 历史数据: 2896 条
[2026-02-09 20:53:27] 下载最新数据: http://data.17500.cn/7lc_desc.txt
[2026-02-09 20:53:27] 下载失败: 429 Client Error: Too Many Requests for url: http://data.17500.cn/7lc_desc.txt
[2026-02-09 20:53:27] 更新失败：无法下载数据
[2026-02-09 21:00:05] ==================================================
[2026-02-09 21:00:05] 七乐彩数据更新任务开始
[2026-02-09 21:00:05] 加载历史数据: /home/lang/.openclaw/workspace/caipiao/qlc_history_full.json
[2026-02-09 21:00:05] 历史数据: 2896 条
[2026-02-09 21:00:05] 下载最新数据: http://data.17500.cn/7lc_desc.txt
[2026-02-09 21:00:05] 下载失败: 429 Client Error: Too Many Requests for url: http://data.17500.cn/7lc_desc.txt
[2026-02-09 21:00:05] 更新失败：无法下载数据
[2026-02-09 21:03:10] ==================================================
[2026-02-09 21:03:10] 七乐彩数据更新任务开始
[2026-02-09 21:03:10] 加载历史数据: /home/lang/.openclaw/workspace/caipiao/qlc_history_full.json
[2026-02-09 21:03:10] 历史数据: 2896 条
[2026-02-09 21:03:11] 下载最新数据: http://data.17500.cn/7lc_desc.txt
[2026-02-09 21:03:11] 下载成功，文件大小: 331083 字节
[2026-02-09 21:03:11] 解析新数据...
[2026-02-09 21:03:11] 新数据: 2896 条
[2026-02-09 21:03:11] 合并数据...
[2026-02-09 21:03:11] 新增: 0 条，总数: 2896 条
[2026-02-09 21:03:11] ✅ 没有新数据，无需更新
[2026-02-09 21:03:11] 任务结束
[2026-02-09 21:03:11] ==================================================
[2026-02-09 21:03:17] ==================================================
[2026-02-09 21:03:17] 七乐彩数据更新任务开始
[2026-02-09 21:03:17] 加载历史数据: /home/lang/.openclaw/workspace/caipiao/qlc_history_full.json
[2026-02-09 21:03:17] 历史数据: 2896 条
[2026-02-09 21:03:17] 下载最新数据: http://data.17500.cn/7lc_desc.txt
[2026-02-09 21:03:18] 下载成功，文件大小: 331083 字节
[2026-02-09 21:03:18] 解析新数据...
[2026-02-09 21:03:18] 新数据: 2896 条
[2026-02-09 21:03:18] 合并数据...
[2026-02-09 21:03:18] 新增: 0 条，总数: 2896 条
[2026-02-09 21:03:18] ✅ 没有新数据，无需更新
[2026-02-09 21:03:18] 任务结束
[2026-02-09 21:03:18] ==================================================
[2026-02-11 07:30:31] ==================================================
[2026-02-11 07:30:31] 七乐彩数据更新任务开始
[2026-02-11 07:30:31] 加载历史数据: /home/lang/.openclaw/workspace/caipiao/qlc_history_full.json
[2026-02-11 07:30:32] 历史数据: 2896 条
[2026-02-11 07:30:32] 下载最新数据: http://data.17500.cn/7lc_desc.txt
[2026-02-11 07:30:32] 下载成功，文件大小: 331194 字节
[2026-02-11 07:30:32] 解析新数据...
[2026-02-11 07:30:32] 新数据: 2897 条
[2026-02-11 07:30:32] 合并数据...
[2026-02-11 07:30:32] 新增: 1 条，总数: 2897 条
[2026-02-11 07:30:32] 保存更新后的数据...
[2026-02-11 07:30:32] 数据已保存，共 2897 条
[2026-02-11 07:30:32] ✅ 更新完成！新增 1 条数据
[2026-02-11 07:30:32] 任务结束
[2026-02-11 07:30:32] ==================================================
[2026-02-11 21:00:13] ==================================================
[2026-02-11 21:00:13] 七乐彩数据更新任务开始
[2026-02-11 21:00:13] 加载历史数据: /home/lang/.openclaw/workspace/caipiao/qlc_history_full.json
[2026-02-11 21:00:13] 历史数据: 2897 条
[2026-02-11 21:00:13] 下载最新数据: http://data.17500.cn/7lc_desc.txt
[2026-02-11 21:00:14] 下载成功，文件大小: 331194 字节
[2026-02-11 21:00:14] 解析新数据...
[2026-02-11 21:00:14] 新数据: 2897 条
[2026-02-11 21:00:14] 合并数据...
[2026-02-11 21:00:14] 新增: 0 条，总数: 2897 条
[2026-02-11 21:00:14] ✅ 没有新数据，无需更新
[2026-02-11 21:00:14] 任务结束
[2026-02-11 21:00:14] ==================================================
[2026-02-11 21:35:12] ==================================================
[2026-02-11 21:35:12] 七乐彩数据更新任务开始
[2026-02-11 21:35:12] 加载历史数据: /home/lang/.openclaw/workspace/caipiao/qlc_history_full.json
[2026-02-11 21:35:12] 历史数据: 2897 条
[2026-02-11 21:35:12] 下载最新数据: http://data.17500.cn/7lc_desc.txt
[2026-02-11 21:35:12] 下载成功，文件大小: 331269 字节
[2026-02-11 21:35:12] 解析新数据...
[2026-02-11 21:35:12] 新数据: 2898 条
[2026-02-11 21:35:12] 合并数据...
[2026-02-11 21:35:12] 新增: 1 条，总数: 2898 条
[2026-02-11 21:35:12] 保存更新后的数据...
[2026-02-11 21:35:12] 数据已保存，共 2898 条
[2026-02-11 21:35:12] ✅ 更新完成！新增 1 条数据
[2026-02-11 21:35:12] 任务结束
[2026-02-11 21:35:12] ==================================================
[2026-02-12 07:20:28] ==================================================
[2026-02-12 07:20:28] 七乐彩数据更新任务开始
[2026-02-12 07:20:28] 加载历史数据: /home/lang/.openclaw/workspace/caipiao/qlc_history_full.json
[2026-02-12 07:20:28] 历史数据: 2745 条
[2026-02-12 07:20:28] 下载最新数据: http://data.17500.cn/7lc_desc.txt
[2026-02-12 07:20:28] 下载成功，文件大小: 331305 字节
[2026-02-12 07:20:28] 解析新数据...
[2026-02-12 07:20:28] 新数据: 2898 条
[2026-02-12 07:20:28] 合并数据...
[2026-02-12 07:20:28] 新增: 153 条，总数: 2898 条
[2026-02-12 07:20:28] 保存更新后的数据...
[2026-02-12 07:20:28] 数据已保存，共 2898 条
[2026-02-12 07:20:28] ✅ 更新完成！新增 153 条数据
[2026-02-12 07:20:28] 任务结束
[2026-02-12 07:20:28] ==================================================
[2026-02-13 21:35:05] ==================================================
[2026-02-13 21:35:05] 七乐彩数据更新任务开始
[2026-02-13 21:35:05] 加载历史数据: /home/lang/.openclaw/workspace/caipiao/qlc_history_full.json
[2026-02-13 21:35:05] 历史数据: 2898 条
[2026-02-13 21:35:05] 下载最新数据: http://data.17500.cn/7lc_desc.txt
[2026-02-13 21:35:05] 下载成功，文件大小: 331380 字节
[2026-02-13 21:35:05] 解析新数据...
[2026-02-13 21:35:05] 新数据: 2899 条
[2026-02-13 21:35:05] 合并数据...
[2026-02-13 21:35:05] 新增: 1 条，总数: 2899 条
[2026-02-13 21:35:05] 保存更新后的数据...
[2026-02-13 21:35:05] 数据已保存，共 2899 条
[2026-02-13 21:35:05] ✅ 更新完成！新增 1 条数据
[2026-02-13 21:35:05] 任务结束
[2026-02-13 21:35:05] ==================================================
[2026-02-16 21:35:03] ==================================================
[2026-02-16 21:35:03] 七乐彩数据更新任务开始
[2026-02-16 21:35:03] 加载历史数据: /home/lang/.openclaw/workspace/caipiao/qlc_history_full.json
[2026-02-16 21:35:03] 历史数据: 2899 条
[2026-02-16 21:35:03] 下载最新数据: http://data.17500.cn/7lc_desc.txt
[2026-02-16 21:35:03] 下载成功，文件大小: 331418 字节
[2026-02-16 21:35:03] 解析新数据...
[2026-02-16 21:35:03] 新数据: 2899 条
[2026-02-16 21:35:03] 合并数据...
[2026-02-16 21:35:03] 新增: 0 条，总数: 2899 条
[2026-02-16 21:35:03] ✅ 没有新数据，无需更新
[2026-02-16 21:35:03] 任务结束
[2026-02-16 21:35:03] ==================================================
