Loaded 2900 periods

📊 方法准确率验证 (近10期)
---------------------------------------------
方法             本次     历史
---------------------------------------------
重号法           70%    65%
三区比           70%    66%
连号法           70%    73%
奇偶比           50%    51%
012路          80%    82%
遗漏值           50%    55%
周期回补          90%    91%
极距法           50%    52%
热号法           70%    65%
同尾法           70%    61%
AC值法          50%    51%
大小号           70%    65%
---------------------------------------------
✅ 验证完成，历史记录已保存
Loaded 2900 periods

📊 方法准确率验证 (近10期)
---------------------------------------------
方法             本次     历史
---------------------------------------------
重号法           70%    66%
三区比           70%    66%
连号法           70%    73%
奇偶比           50%    51%
012路          80%    82%
遗漏值           50%    55%
周期回补          90%    91%
极距法           50%    52%
热号法           70%    65%
同尾法           70%    62%
AC值法          50%    51%
大小号           70%    66%
---------------------------------------------
✅ 验证完成，历史记录已保存
Loaded 2900 periods

📊 方法准确率验证 (近10期)
---------------------------------------------
方法             本次     历史
---------------------------------------------
重号法           70%    66%
三区比           70%    66%
连号法           70%    72%
奇偶比           50%    50%
012路          80%    81%
遗漏值           50%    54%
周期回补          90%    91%
极距法           50%    52%
热号法           70%    66%
同尾法           70%    63%
AC值法          50%    51%
大小号           70%    66%
---------------------------------------------
✅ 验证完成，历史记录已保存
